2025-06-18 13:49:35,037 - __main__ - INFO - Démarrage de l'application de gestion aéroportuaire
2025-06-18 13:49:35,189 - gui.utils.json_manager - INFO - Dossier de données créé: data
2025-06-18 13:49:35,189 - gui.utils.json_manager - INFO - Fichier initialisé: data\avions.json
2025-06-18 13:49:35,190 - gui.utils.json_manager - INFO - Fichier initialisé: data\personnels.json
2025-06-18 13:49:35,190 - gui.utils.json_manager - INFO - Fichier initialisé: data\passagers.json
2025-06-18 13:49:35,191 - gui.utils.json_manager - INFO - Fichier initialisé: data\vols.json
2025-06-18 13:49:35,192 - gui.utils.json_manager - INFO - Fichier initialisé: data\aeroports.json
2025-06-18 13:49:35,192 - gui.utils.json_manager - INFO - Fichier initialisé: data\reservations.json
2025-06-18 13:49:35,193 - gui.utils.json_manager - INFO - Fichier initialisé: data\compagnies.json
2025-06-18 13:49:35,193 - gui.utils.json_manager - INFO - Fichier initialisé: data\simulation_state.json
2025-06-18 13:49:35,193 - gui.utils.json_manager - INFO - Fichier initialisé: data\events_log.json
2025-06-18 13:49:35,194 - gui.utils.json_manager - INFO - Fichier initialisé: data\app_config.json
2025-06-18 13:49:35,194 - gui.utils.json_manager - INFO - JSONDataManager initialisé avec dossier: data
2025-06-18 13:49:35,199 - gui.utils.time_simulator - INFO - État de simulation chargé: 0 événements programmés
2025-06-18 13:49:35,199 - gui.utils.time_simulator - INFO - Simulateur temporel initialisé
2025-06-18 13:49:35,200 - gui.controllers.data_controller - INFO - Chargement de toutes les données...
2025-06-18 13:49:35,200 - gui.controllers.data_controller - INFO - Toutes les données chargées avec succès
2025-06-18 13:49:35,200 - gui.controllers.data_controller - INFO - DataController initialisé
2025-06-18 13:49:35,389 - gui.views.simulation_panel - INFO - Panneau de simulation initialisé
2025-06-18 13:49:35,419 - gui.views.dashboard - INFO - Dashboard initialisé
2025-06-18 13:49:35,439 - gui.views.flight_management - INFO - Vue gestion des vols initialisée
2025-06-18 13:49:35,461 - gui.views.fleet_management - INFO - Vue gestion de la flotte initialisée
2025-06-18 13:49:35,474 - gui.views.event_log - INFO - Vue journal des événements initialisée
2025-06-18 13:49:35,475 - gui.main_window - INFO - Thread de simulation démarré
2025-06-18 13:49:35,476 - gui.main_window - INFO - Interface graphique initialisée
2025-06-18 13:49:35,476 - __main__ - INFO - Interface graphique initialisée
2025-06-18 13:49:35,476 - gui.main_window - INFO - Démarrage de l'interface graphique
2025-06-18 13:49:48,640 - gui.utils.time_simulator - INFO - Simulation démarrée (vitesse: 1.0x)
2025-06-18 13:49:48,641 - gui.views.simulation_panel - INFO - Simulation démarrée depuis le panneau
2025-06-18 13:49:56,752 - gui.utils.time_simulator - INFO - Simulation arrêtée
2025-06-18 13:49:56,753 - gui.views.simulation_panel - INFO - Simulation mise en pause
2025-06-18 13:52:00,626 - gui.controllers.data_controller - INFO - Nouveau personnel créé: Cédric Van Overlop
2025-06-18 13:52:38,816 - gui.controllers.data_controller - INFO - Nouvel avion créé: 123
2025-06-18 13:53:19,800 - gui.controllers.data_controller - INFO - Sauvegarde de toutes les données...
2025-06-18 13:53:19,826 - gui.controllers.data_controller - INFO - Toutes les données sauvegardées
2025-06-18 13:53:19,851 - gui.utils.json_manager - INFO - Sauvegarde créée: data\backup_20250618_135319 (10 fichiers)
2025-06-18 13:53:19,851 - gui.main_window - INFO - Application fermée proprement
2025-06-18 13:53:19,918 - gui.main_window - INFO - Interface graphique fermée
2025-06-18 13:53:19,918 - __main__ - INFO - Arrêt de l'application
2025-06-18 14:17:52,608 - __main__ - INFO - Démarrage de l'application de gestion aéroportuaire
2025-06-18 14:17:52,678 - gui.utils.json_manager - INFO - JSONDataManager initialisé avec dossier: data
2025-06-18 14:17:52,678 - gui.utils.time_simulator - INFO - État de simulation chargé: 0 événements programmés
2025-06-18 14:17:52,678 - gui.utils.time_simulator - INFO - Simulateur temporel initialisé
2025-06-18 14:17:52,678 - gui.controllers.data_controller - INFO - Chargement de toutes les données...
2025-06-18 14:17:52,679 - gui.controllers.data_controller - INFO - Toutes les données chargées avec succès
2025-06-18 14:17:52,679 - gui.controllers.data_controller - INFO - DataController initialisé
2025-06-18 14:17:52,879 - gui.views.simulation_panel - INFO - Panneau de simulation initialisé
2025-06-18 14:17:52,910 - gui.views.dashboard - INFO - Dashboard initialisé
2025-06-18 14:17:52,931 - gui.views.flight_management - INFO - Vue gestion des vols initialisée
2025-06-18 14:17:52,950 - gui.views.fleet_management - INFO - Vue gestion de la flotte initialisée
2025-06-18 14:17:52,964 - gui.views.event_log - INFO - Vue journal des événements initialisée
2025-06-18 14:17:52,965 - gui.main_window - INFO - Thread de simulation démarré
2025-06-18 14:17:52,965 - gui.main_window - INFO - Interface graphique initialisée
2025-06-18 14:17:52,965 - __main__ - INFO - Interface graphique initialisée
2025-06-18 14:17:52,965 - gui.main_window - INFO - Démarrage de l'interface graphique
2025-06-18 14:22:52,969 - gui.controllers.data_controller - INFO - Sauvegarde de toutes les données...
2025-06-18 14:22:52,982 - gui.controllers.data_controller - INFO - Toutes les données sauvegardées
2025-06-18 14:23:24,418 - gui.utils.time_simulator - INFO - Simulation démarrée (vitesse: 60x)
2025-06-18 14:23:24,419 - gui.main_window - INFO - Simulation démarrée depuis l'interface
2025-06-18 14:23:30,091 - gui.utils.time_simulator - WARNING - La simulation est déjà en cours
2025-06-18 14:23:30,092 - gui.views.simulation_panel - INFO - Simulation démarrée depuis le panneau
2025-06-18 14:23:32,866 - gui.utils.time_simulator - INFO - Simulation arrêtée
2025-06-18 14:23:32,867 - gui.views.simulation_panel - INFO - Simulation arrêtée
2025-06-18 14:27:52,989 - gui.controllers.data_controller - INFO - Sauvegarde de toutes les données...
2025-06-18 14:27:53,001 - gui.controllers.data_controller - INFO - Toutes les données sauvegardées
2025-06-18 14:28:29,893 - gui.utils.json_manager - INFO - Sauvegarde créée: data\backup_20250618_142829 (10 fichiers)
2025-06-18 14:28:31,456 - gui.controllers.data_controller - INFO - Sauvegarde de toutes les données...
2025-06-18 14:28:31,466 - gui.controllers.data_controller - INFO - Toutes les données sauvegardées
2025-06-18 14:28:45,718 - gui.controllers.data_controller - INFO - Sauvegarde de toutes les données...
2025-06-18 14:28:45,729 - gui.controllers.data_controller - INFO - Toutes les données sauvegardées
2025-06-18 14:28:45,729 - gui.main_window - INFO - Sauvegarde manuelle effectuée
2025-06-18 14:28:47,461 - gui.controllers.data_controller - INFO - Sauvegarde de toutes les données...
2025-06-18 14:28:47,471 - gui.controllers.data_controller - INFO - Toutes les données sauvegardées
2025-06-18 14:28:47,471 - gui.main_window - INFO - Sauvegarde manuelle effectuée
2025-06-18 14:30:25,156 - gui.controllers.data_controller - INFO - Sauvegarde de toutes les données...
2025-06-18 14:30:25,166 - gui.controllers.data_controller - INFO - Toutes les données sauvegardées
2025-06-18 14:30:25,167 - gui.main_window - INFO - Sauvegarde manuelle effectuée
2025-06-18 14:32:53,007 - gui.controllers.data_controller - INFO - Sauvegarde de toutes les données...
2025-06-18 14:32:53,013 - gui.controllers.data_controller - INFO - Toutes les données sauvegardées
2025-06-18 14:37:53,027 - gui.controllers.data_controller - INFO - Sauvegarde de toutes les données...
2025-06-18 14:37:53,033 - gui.controllers.data_controller - INFO - Toutes les données sauvegardées
2025-06-18 14:42:53,035 - gui.controllers.data_controller - INFO - Sauvegarde de toutes les données...
2025-06-18 14:42:53,045 - gui.controllers.data_controller - INFO - Toutes les données sauvegardées
2025-06-18 14:43:46,900 - gui.controllers.data_controller - INFO - Sauvegarde de toutes les données...
2025-06-18 14:43:46,910 - gui.controllers.data_controller - INFO - Toutes les données sauvegardées
2025-06-18 14:43:46,933 - gui.utils.json_manager - INFO - Sauvegarde créée: data\backup_20250618_144346 (10 fichiers)
2025-06-18 14:43:46,933 - gui.main_window - INFO - Application fermée proprement
2025-06-18 14:43:46,993 - gui.main_window - INFO - Interface graphique fermée
2025-06-18 14:43:46,993 - __main__ - INFO - Arrêt de l'application
2025-06-18 14:43:54,466 - __main__ - INFO - Démarrage de l'application de gestion aéroportuaire
2025-06-18 14:43:54,531 - gui.utils.json_manager - INFO - JSONDataManager initialisé avec dossier: data
2025-06-18 14:43:54,531 - gui.utils.time_simulator - INFO - État de simulation chargé: 0 événements programmés
2025-06-18 14:43:54,532 - gui.utils.time_simulator - INFO - Simulateur temporel initialisé
2025-06-18 14:43:54,533 - gui.controllers.data_controller - INFO - Chargement de toutes les données...
2025-06-18 14:43:54,533 - gui.controllers.data_controller - INFO - Toutes les données chargées avec succès
2025-06-18 14:43:54,533 - gui.controllers.data_controller - INFO - DataController initialisé
2025-06-18 14:43:54,747 - gui.views.simulation_panel - INFO - Panneau de simulation initialisé
2025-06-18 14:43:54,787 - gui.views.dashboard - INFO - Dashboard initialisé
2025-06-18 14:43:54,814 - gui.views.flight_management - INFO - Vue gestion des vols initialisée
2025-06-18 14:43:54,840 - gui.views.fleet_management - INFO - Vue gestion de la flotte initialisée
2025-06-18 14:43:54,858 - gui.views.event_log - INFO - Vue journal des événements initialisée
2025-06-18 14:43:54,859 - gui.main_window - INFO - Thread de simulation démarré
2025-06-18 14:43:54,860 - gui.main_window - INFO - Interface graphique initialisée
2025-06-18 14:43:54,860 - __main__ - INFO - Interface graphique initialisée
2025-06-18 14:43:54,860 - gui.main_window - INFO - Démarrage de l'interface graphique
2025-06-18 14:44:03,115 - gui.controllers.data_controller - INFO - Sauvegarde de toutes les données...
2025-06-18 14:44:03,125 - gui.controllers.data_controller - INFO - Toutes les données sauvegardées
2025-06-18 14:44:03,167 - gui.utils.json_manager - INFO - Sauvegarde créée: data\backup_20250618_144403 (10 fichiers)
2025-06-18 14:44:03,167 - gui.main_window - INFO - Application fermée proprement
2025-06-18 14:44:03,242 - gui.main_window - INFO - Interface graphique fermée
2025-06-18 14:44:03,242 - __main__ - INFO - Arrêt de l'application
2025-06-18 14:44:29,064 - __main__ - INFO - Démarrage de l'application de gestion aéroportuaire
2025-06-18 14:44:29,126 - gui.utils.json_manager - INFO - JSONDataManager initialisé avec dossier: data
2025-06-18 14:44:29,126 - gui.utils.time_simulator - INFO - État de simulation chargé: 0 événements programmés
2025-06-18 14:44:29,126 - gui.utils.time_simulator - INFO - Simulateur temporel initialisé
2025-06-18 14:44:29,127 - gui.controllers.data_controller - INFO - Chargement de toutes les données...
2025-06-18 14:44:29,127 - gui.controllers.data_controller - INFO - Toutes les données chargées avec succès
2025-06-18 14:44:29,127 - gui.controllers.data_controller - INFO - DataController initialisé
2025-06-18 14:44:29,339 - gui.views.simulation_panel - INFO - Panneau de simulation initialisé
2025-06-18 14:44:29,376 - gui.views.dashboard - INFO - Dashboard initialisé
2025-06-18 14:44:29,402 - gui.views.flight_management - INFO - Vue gestion des vols initialisée
2025-06-18 14:44:29,429 - gui.views.fleet_management - INFO - Vue gestion de la flotte initialisée
2025-06-18 14:44:29,445 - gui.views.event_log - INFO - Vue journal des événements initialisée
2025-06-18 14:44:29,446 - gui.main_window - INFO - Thread de simulation démarré
2025-06-18 14:44:29,446 - gui.main_window - INFO - Interface graphique initialisée
2025-06-18 14:44:29,446 - __main__ - INFO - Interface graphique initialisée
2025-06-18 14:44:29,447 - gui.main_window - INFO - Démarrage de l'interface graphique
2025-06-18 14:44:58,376 - gui.utils.json_manager - INFO - Sauvegarde créée: data\backup_20250618_144458 (10 fichiers)
2025-06-18 14:45:58,860 - gui.controllers.data_controller - INFO - Sauvegarde de toutes les données...
2025-06-18 14:45:58,880 - gui.controllers.data_controller - INFO - Toutes les données sauvegardées
2025-06-18 14:45:58,908 - gui.utils.json_manager - INFO - Sauvegarde créée: data\backup_20250618_144558 (10 fichiers)
2025-06-18 14:45:58,908 - gui.main_window - INFO - Application fermée proprement
2025-06-18 14:45:58,981 - gui.main_window - INFO - Interface graphique fermée
2025-06-18 14:45:58,981 - __main__ - INFO - Arrêt de l'application
